Using pre-set license
Built from '2021.3/staging' branch; Version is '2021.3.2f1 (d6360bedb9a0) revision 14038539'; Using compiler version '192829333'; Build Type 'Release'
OS: 'Windows 10  (10.0.19043) 64bit Core' Language: 'ko' Physical Memory: 16122 MB
BatchMode: 1, IsHumanControllingUs: 0, StartBugReporterOnCrash: 0, Is64bit: 1, IsPro: 1

COMMAND LINE ARGUMENTS:
C:\Program Files\Unity\Hub\Editor\2021.3.2f1\Editor\Unity.exe
-adb2
-batchMode
-noUpm
-name
AssetImportWorker0
-projectPath
C:/Users/dlehr/Desktop/group
-logFile
Logs/AssetImportWorker0.log
-srvPort
53826
Successfully changed project path to: C:/Users/dlehr/Desktop/group
C:/Users/dlehr/Desktop/group
[UnityMemory] Configuration Parameters - Can be set up in boot.config
    "memorysetup-bucket-allocator-granularity=16"
    "memorysetup-bucket-allocator-bucket-count=8"
    "memorysetup-bucket-allocator-block-size=33554432"
    "memorysetup-bucket-allocator-block-count=8"
    "memorysetup-main-allocator-block-size=16777216"
    "memorysetup-thread-allocator-block-size=16777216"
    "memorysetup-gfx-main-allocator-block-size=16777216"
    "memorysetup-gfx-thread-allocator-block-size=16777216"
    "memorysetup-cache-allocator-block-size=4194304"
    "memorysetup-typetree-allocator-block-size=2097152"
    "memorysetup-profiler-bucket-allocator-granularity=16"
    "memorysetup-profiler-bucket-allocator-bucket-count=8"
    "memorysetup-profiler-bucket-allocator-block-size=33554432"
    "memorysetup-profiler-bucket-allocator-block-count=8"
    "memorysetup-profiler-allocator-block-size=16777216"
    "memorysetup-profiler-editor-allocator-block-size=1048576"
    "memorysetup-temp-allocator-size-main=16777216"
    "memorysetup-job-temp-allocator-block-size=2097152"
    "memorysetup-job-temp-allocator-block-size-background=1048576"
    "memorysetup-job-temp-allocator-reduction-small-platforms=262144"
    "memorysetup-temp-allocator-size-background-worker=32768"
    "memorysetup-temp-allocator-size-job-worker=262144"
    "memorysetup-temp-allocator-size-preload-manager=33554432"
    "memorysetup-temp-allocator-size-nav-mesh-worker=65536"
    "memorysetup-temp-allocator-size-audio-worker=65536"
    "memorysetup-temp-allocator-size-cloud-worker=32768"
    "memorysetup-temp-allocator-size-gi-baking-worker=262144"
    "memorysetup-temp-allocator-size-gfx=262144"
Refreshing native plugins compatible for Editor in 92.52 ms, found 3 plugins.
Preloading 0 native plugins for Editor in 0.00 ms.
Initialize engine version: 2021.3.2f1 (d6360bedb9a0)
[Subsystems] Discovering subsystems at path C:/Program Files/Unity/Hub/Editor/2021.3.2f1/Editor/Data/Resources/UnitySubsystems
[Subsystems] Discovering subsystems at path C:/Users/dlehr/Desktop/group/Assets
GfxDevice: creating device client; threaded=0; jobified=0
Direct3D:
    Version:  Direct3D 11.0 [level 11.1]
    Renderer: NVIDIA GeForce GTX 1650 Ti with Max-Q Design (ID=0x1f95)
    Vendor:   NVIDIA
    VRAM:     3962 MB
    Driver:   30.0.15.1277
Initialize mono
Mono path[0] = 'C:/Program Files/Unity/Hub/Editor/2021.3.2f1/Editor/Data/Managed'
Mono path[1] = 'C:/Program Files/Unity/Hub/Editor/2021.3.2f1/Editor/Data/MonoBleedingEdge/lib/mono/unityjit-win32'
Mono config path = 'C:/Program Files/Unity/Hub/Editor/2021.3.2f1/Editor/Data/MonoBleedingEdge/etc'
Using monoOptions --debugger-agent=transport=dt_socket,embedding=1,server=y,suspend=n,address=127.0.0.1:56356
Begin MonoManager ReloadAssembly
Registering precompiled unity dll's ...
Register platform support module: C:/Program Files/Unity/Hub/Editor/2021.3.2f1/Editor/Data/PlaybackEngines/WindowsStandaloneSupport/UnityEditor.WindowsStandalone.Extensions.dll
Registered in 0.006748 seconds.
Native extension for WindowsStandalone target not found
Refreshing native plugins compatible for Editor in 107.81 ms, found 3 plugins.
Preloading 0 native plugins for Editor in 0.00 ms.
Mono: successfully reloaded assembly
- Completed reload, in  0.741 seconds
Domain Reload Profiling:
	ReloadAssembly (742ms)
		BeginReloadAssembly (84ms)
			ExecutionOrderSort (0ms)
			DisableScriptedObjects (0ms)
			BackupInstance (0ms)
			ReleaseScriptingObjects (0ms)
			CreateAndSetChildDomain (1ms)
		EndReloadAssembly (537ms)
			LoadAssemblies (80ms)
			RebuildTransferFunctionScriptingTraits (0ms)
			SetupTypeCache (121ms)
			ReleaseScriptCaches (0ms)
			RebuildScriptCaches (32ms)
			SetupLoadedEditorAssemblies (326ms)
				LogAssemblyErrors (0ms)
				InitializePlatformSupportModulesInManaged (10ms)
				SetLoadedEditorAssemblies (0ms)
				RefreshPlugins (108ms)
				BeforeProcessingInitializeOnLoad (1ms)
				ProcessInitializeOnLoadAttributes (142ms)
				ProcessInitializeOnLoadMethodAttributes (65ms)
				AfterProcessingInitializeOnLoad (0ms)
				EditorAssembliesLoaded (0ms)
			ExecutionOrderSort2 (0ms)
			AwakeInstancesAfterBackupRestoration (0ms)
Platform modules already initialized, skipping
Registering precompiled user dll's ...
Registered in 0.007015 seconds.
Begin MonoManager ReloadAssembly
Symbol file LoadedFromMemory doesn't match image C:\Users\dlehr\Desktop\group\Library\PackageCache\com.unity.visualscripting@1.7.6\Editor\VisualScripting.Core\Dependencies\YamlDotNet\Unity.VisualScripting.YamlDotNet.dll
Symbol file LoadedFromMemory doesn't match image C:\Users\dlehr\Desktop\group\Library\PackageCache\com.unity.visualscripting@1.7.6\Editor\VisualScripting.Core\Dependencies\DotNetZip\Unity.VisualScripting.IonicZip.dll
Native extension for WindowsStandalone target not found
Refreshing native plugins compatible for Editor in 0.58 ms, found 3 plugins.
Preloading 0 native plugins for Editor in 0.00 ms.
Mono: successfully reloaded assembly
- Completed reload, in  1.155 seconds
Domain Reload Profiling:
	ReloadAssembly (1156ms)
		BeginReloadAssembly (119ms)
			ExecutionOrderSort (0ms)
			DisableScriptedObjects (6ms)
			BackupInstance (0ms)
			ReleaseScriptingObjects (0ms)
			CreateAndSetChildDomain (18ms)
		EndReloadAssembly (911ms)
			LoadAssemblies (86ms)
			RebuildTransferFunctionScriptingTraits (0ms)
			SetupTypeCache (275ms)
			ReleaseScriptCaches (0ms)
			RebuildScriptCaches (54ms)
			SetupLoadedEditorAssemblies (452ms)
				LogAssemblyErrors (0ms)
				InitializePlatformSupportModulesInManaged (7ms)
				SetLoadedEditorAssemblies (1ms)
				RefreshPlugins (1ms)
				BeforeProcessingInitializeOnLoad (123ms)
				ProcessInitializeOnLoadAttributes (283ms)
				ProcessInitializeOnLoadMethodAttributes (30ms)
				AfterProcessingInitializeOnLoad (8ms)
				EditorAssembliesLoaded (0ms)
			ExecutionOrderSort2 (0ms)
			AwakeInstancesAfterBackupRestoration (5ms)
Platform modules already initialized, skipping
========================================================================
Worker process is ready to serve import requests
Launched and connected shader compiler UnityShaderCompiler.exe after 0.09 seconds
Refreshing native plugins compatible for Editor in 0.50 ms, found 3 plugins.
Preloading 0 native plugins for Editor in 0.00 ms.
Unloading 3401 Unused Serialized files (Serialized files now loaded: 0)
Unloading 26 unused Assets / (112.4 KB). Loaded Objects now: 3880.
Memory consumption went from 142.6 MB to 142.5 MB.
Total: 2.853000 ms (FindLiveObjects: 0.252800 ms CreateObjectMapping: 0.128400 ms MarkObjects: 2.349800 ms  DeleteObjects: 0.120800 ms)

AssetImportParameters requested are different than current active one (requested -> active):
  custom:video-decoder-ogg-theora: a1e56fd34408186e4bbccfd4996cb3dc -> 
  custom:container-muxer-webm: aa71ff27fc2769a1b78a27578f13a17b -> 
  custom:container-demuxer-webm: 4f35f7cbe854078d1ac9338744f61a02 -> 
  custom:video-encoder-webm-vp8: eb34c28f22e8b96e1ab97ce403110664 -> 
  custom:audio-encoder-webm-vorbis: bf7c407c2cedff20999df2af8eb42d56 -> 
  custom:framework-win-MediaFoundation: 216162199b28c13a410421893ffa2e32 -> 
  custom:container-demuxer-ogg: 62fdf1f143b41e24485cea50d1cbac27 -> 
  custom:video-decoder-webm-vp8: 9c59270c3fd7afecdb556c50c9e8de78 -> 
  custom:audio-decoder-ogg-vorbis: bf7c407c2cedff20999df2af8eb42d56 -> 
========================================================================
Received Import Request.
  Time since last request: 36893.919860 seconds.
  path: Assets/TextMesh Pro/Resources
  artifactKey: Guid(243e06394e614e5d99fab26083b707fa) Importer(815301076,1909f56bfc062723c751e8b465ee728b)
Start importing Assets/TextMesh Pro/Resources using Guid(243e06394e614e5d99fab26083b707fa) Importer(815301076,1909f56bfc062723c751e8b465ee728b)  -> (artifact id: '73107d1020a62e3def86c468d2a05456') in 0.010366 seconds 
========================================================================
Received Import Request.
  Time since last request: 0.000034 seconds.
  path: Assets/TextMesh Pro/Resources/TMP Settings.asset
  artifactKey: Guid(3f5b5dff67a942289a9defa416b206f3) Importer(815301076,1909f56bfc062723c751e8b465ee728b)
Start importing Assets/TextMesh Pro/Resources/TMP Settings.asset using Guid(3f5b5dff67a942289a9defa416b206f3) Importer(815301076,1909f56bfc062723c751e8b465ee728b)  -> (artifact id: '7d39d3b365ae06f4a5d582e5614ba55e') in 0.122053 seconds 
========================================================================
Received Import Request.
  Time since last request: 96.149513 seconds.
  path: Assets/Scenes/Game.unity
  artifactKey: Guid(9fc0d4010bbf28b4594072e72b8655ab) Importer(815301076,1909f56bfc062723c751e8b465ee728b)
Start importing Assets/Scenes/Game.unity using Guid(9fc0d4010bbf28b4594072e72b8655ab) Importer(815301076,1909f56bfc062723c751e8b465ee728b)  -> (artifact id: '7bfeacba7fc37a4d85001d3d03b3052a') in 0.005887 seconds 
========================================================================
Received Import Request.
  Time since last request: 21.890802 seconds.
  path: Assets/RPG_FPS_game_assets_industrial/Boxes
  artifactKey: Guid(8ec65bee3ba4fe246be437af1457c34b) Importer(815301076,1909f56bfc062723c751e8b465ee728b)
Start importing Assets/RPG_FPS_game_assets_industrial/Boxes using Guid(8ec65bee3ba4fe246be437af1457c34b) Importer(815301076,1909f56bfc062723c751e8b465ee728b)  -> (artifact id: '357c5cb60b4fd4f161c2abc471e01fe5') in 0.007225 seconds 
========================================================================
Received Import Request.
  Time since last request: 0.714856 seconds.
  path: Assets/RPG_FPS_game_assets_industrial/Boxes/Wooden_box_v1
  artifactKey: Guid(5803d6cbccabce247b4e5ce59393fe08) Importer(815301076,1909f56bfc062723c751e8b465ee728b)
Start importing Assets/RPG_FPS_game_assets_industrial/Boxes/Wooden_box_v1 using Guid(5803d6cbccabce247b4e5ce59393fe08) Importer(815301076,1909f56bfc062723c751e8b465ee728b)  -> (artifact id: '290656ea2fdaafb801d5c32df0cb6c4c') in 0.007239 seconds 
========================================================================
Received Import Request.
  Time since last request: 1.065971 seconds.
  path: Assets/RPG_FPS_game_assets_industrial/Boxes/Wooden_box_v1/Wooden_box_v1_LD1.prefab
  artifactKey: Guid(9d1bb44d500a3ad489d3cb3a6900199f) Importer(815301076,1909f56bfc062723c751e8b465ee728b)
Start importing Assets/RPG_FPS_game_assets_industrial/Boxes/Wooden_box_v1/Wooden_box_v1_LD1.prefab using Guid(9d1bb44d500a3ad489d3cb3a6900199f) Importer(815301076,1909f56bfc062723c751e8b465ee728b)  -> (artifact id: '5854b2933759a6dad8dd4becc4fe5ab6') in 0.180907 seconds 
========================================================================
Received Import Request.
  Time since last request: 0.000026 seconds.
  path: Assets/RPG_FPS_game_assets_industrial/Boxes/Wooden_box_v1/Wooden_box_v1_LD2.prefab
  artifactKey: Guid(a50af88759b02d74b8328377b33ab3e8) Importer(815301076,1909f56bfc062723c751e8b465ee728b)
Start importing Assets/RPG_FPS_game_assets_industrial/Boxes/Wooden_box_v1/Wooden_box_v1_LD2.prefab using Guid(a50af88759b02d74b8328377b33ab3e8) Importer(815301076,1909f56bfc062723c751e8b465ee728b)  -> (artifact id: 'd996f24ac9f7805fd7ade0d38ce9808d') in 0.023068 seconds 
========================================================================
Received Import Request.
  Time since last request: 4.282893 seconds.
  path: Assets/RPG_FPS_game_assets_industrial/Buildings/Industrial
  artifactKey: Guid(10349e73b5ac8e24e8806240d4629f63) Importer(815301076,1909f56bfc062723c751e8b465ee728b)
Start importing Assets/RPG_FPS_game_assets_industrial/Buildings/Industrial using Guid(10349e73b5ac8e24e8806240d4629f63) Importer(815301076,1909f56bfc062723c751e8b465ee728b)  -> (artifact id: 'e32d814504234587c6c0fd1a318d84f8') in 0.008450 seconds 
========================================================================
Received Import Request.
  Time since last request: 0.773101 seconds.
  path: Assets/RPG_FPS_game_assets_industrial/Buildings/Industrial/Hangars
  artifactKey: Guid(4c982f4402ca9a4408e37318a25a79ec) Importer(815301076,1909f56bfc062723c751e8b465ee728b)
Start importing Assets/RPG_FPS_game_assets_industrial/Buildings/Industrial/Hangars using Guid(4c982f4402ca9a4408e37318a25a79ec) Importer(815301076,1909f56bfc062723c751e8b465ee728b)  -> (artifact id: 'a388ab370bf7e9b3d676a37d20106e56') in 0.007390 seconds 
========================================================================
Received Import Request.
  Time since last request: 0.628095 seconds.
  path: Assets/RPG_FPS_game_assets_industrial/Buildings/Industrial/Hangars/Hangar_v2
  artifactKey: Guid(72dfc2ece541be14887885625f78ea37) Importer(815301076,1909f56bfc062723c751e8b465ee728b)
Start importing Assets/RPG_FPS_game_assets_industrial/Buildings/Industrial/Hangars/Hangar_v2 using Guid(72dfc2ece541be14887885625f78ea37) Importer(815301076,1909f56bfc062723c751e8b465ee728b)  -> (artifact id: 'de171f95df90ede3b203923574d904fc') in 0.007555 seconds 
========================================================================
Received Import Request.
  Time since last request: 0.046781 seconds.
  path: Assets/RPG_FPS_game_assets_industrial/Buildings/Industrial/Hangars/Hangar_v2/Hangar_v2.prefab
  artifactKey: Guid(dfec00be6c7c5b944991547485554901) Importer(815301076,1909f56bfc062723c751e8b465ee728b)
Start importing Assets/RPG_FPS_game_assets_industrial/Buildings/Industrial/Hangars/Hangar_v2/Hangar_v2.prefab using Guid(dfec00be6c7c5b944991547485554901) Importer(815301076,1909f56bfc062723c751e8b465ee728b)  -> (artifact id: '32cf39e6203b9b894ccc881a396b7ae4') in 0.015828 seconds 
========================================================================
Received Import Request.
  Time since last request: 0.000026 seconds.
  path: Assets/RPG_FPS_game_assets_industrial/Buildings/Industrial/Hangars/Hangar_v2/Hangar_v2_3.prefab
  artifactKey: Guid(61c787ad40ab08f409a57210cd8e416b) Importer(815301076,1909f56bfc062723c751e8b465ee728b)
Start importing Assets/RPG_FPS_game_assets_industrial/Buildings/Industrial/Hangars/Hangar_v2/Hangar_v2_3.prefab using Guid(61c787ad40ab08f409a57210cd8e416b) Importer(815301076,1909f56bfc062723c751e8b465ee728b)  -> (artifact id: 'dbc3f9c08835d2618ae4641b94b6d2c2') in 0.026156 seconds 
========================================================================
Received Import Request.
  Time since last request: 0.000092 seconds.
  path: Assets/RPG_FPS_game_assets_industrial/Buildings/Industrial/Hangars/Hangar_v2/Hangar_v2_5.prefab
  artifactKey: Guid(b3faa789917d5c74cb7bc3765ff6950c) Importer(815301076,1909f56bfc062723c751e8b465ee728b)
Start importing Assets/RPG_FPS_game_assets_industrial/Buildings/Industrial/Hangars/Hangar_v2/Hangar_v2_5.prefab using Guid(b3faa789917d5c74cb7bc3765ff6950c) Importer(815301076,1909f56bfc062723c751e8b465ee728b)  -> (artifact id: 'c6ff10b231dd460499600bbb7e4289bb') in 0.021794 seconds 
========================================================================
Received Import Request.
  Time since last request: 0.000045 seconds.
  path: Assets/RPG_FPS_game_assets_industrial/Buildings/Industrial/Hangars/Hangar_v2/Hangar_v2_outbuilding2.prefab
  artifactKey: Guid(d4f156acee3c5774e84366f3db534889) Importer(815301076,1909f56bfc062723c751e8b465ee728b)
Start importing Assets/RPG_FPS_game_assets_industrial/Buildings/Industrial/Hangars/Hangar_v2/Hangar_v2_outbuilding2.prefab using Guid(d4f156acee3c5774e84366f3db534889) Importer(815301076,1909f56bfc062723c751e8b465ee728b)  -> (artifact id: 'cc0539d608b91e52062834fff448b064') in 0.021058 seconds 
========================================================================
Received Import Request.
  Time since last request: 0.000053 seconds.
  path: Assets/RPG_FPS_game_assets_industrial/Buildings/Industrial/Hangars/Hangar_v2/Hangar_v2_basic.prefab
  artifactKey: Guid(231f567299ef5844f8dca0461bf7a80b) Importer(815301076,1909f56bfc062723c751e8b465ee728b)
Start importing Assets/RPG_FPS_game_assets_industrial/Buildings/Industrial/Hangars/Hangar_v2/Hangar_v2_basic.prefab using Guid(231f567299ef5844f8dca0461bf7a80b) Importer(815301076,1909f56bfc062723c751e8b465ee728b)  -> (artifact id: '4385a90b78530a664db1f25da9c46d02') in 0.019222 seconds 
========================================================================
Received Import Request.
  Time since last request: 0.000039 seconds.
  path: Assets/RPG_FPS_game_assets_industrial/Buildings/Industrial/Hangars/Hangar_v2/Hangar_v2_outbuilding1.prefab
  artifactKey: Guid(85de863b6df462e45a068d7d86850ec2) Importer(815301076,1909f56bfc062723c751e8b465ee728b)
Start importing Assets/RPG_FPS_game_assets_industrial/Buildings/Industrial/Hangars/Hangar_v2/Hangar_v2_outbuilding1.prefab using Guid(85de863b6df462e45a068d7d86850ec2) Importer(815301076,1909f56bfc062723c751e8b465ee728b)  -> (artifact id: '443892c9a1531717347f01551ec2d3bb') in 0.023529 seconds 
========================================================================
Received Import Request.
  Time since last request: 0.000035 seconds.
  path: Assets/RPG_FPS_game_assets_industrial/Buildings/Industrial/Hangars/Hangar_v2/Hangar_v2_2.prefab
  artifactKey: Guid(d39ecaf886599264f8182ab11a605849) Importer(815301076,1909f56bfc062723c751e8b465ee728b)
Start importing Assets/RPG_FPS_game_assets_industrial/Buildings/Industrial/Hangars/Hangar_v2/Hangar_v2_2.prefab using Guid(d39ecaf886599264f8182ab11a605849) Importer(815301076,1909f56bfc062723c751e8b465ee728b)  -> (artifact id: '731a90ef9682aece7156be2a05ca8954') in 0.018262 seconds 
========================================================================
Received Import Request.
  Time since last request: 28.226695 seconds.
  path: Assets/RPG_FPS_game_assets_industrial/Buildings/Industrial/Hangars/Hangar_v1/Hangar_v1_full.prefab
  artifactKey: Guid(95c00f442e3cf3643b2062e8e0d0bbd6) Importer(815301076,1909f56bfc062723c751e8b465ee728b)
Start importing Assets/RPG_FPS_game_assets_industrial/Buildings/Industrial/Hangars/Hangar_v1/Hangar_v1_full.prefab using Guid(95c00f442e3cf3643b2062e8e0d0bbd6) Importer(815301076,1909f56bfc062723c751e8b465ee728b)  -> (artifact id: 'c2b599e39371ade697d0452b506e3af0') in 0.016139 seconds 
========================================================================
Received Import Request.
  Time since last request: 1.335101 seconds.
  path: Assets/RPG_FPS_game_assets_industrial/Buildings/Industrial/Hangars/Hangar_v3/Hangar_v3.prefab
  artifactKey: Guid(9a8a037e5343199458bcacb9d8803837) Importer(815301076,1909f56bfc062723c751e8b465ee728b)
Start importing Assets/RPG_FPS_game_assets_industrial/Buildings/Industrial/Hangars/Hangar_v3/Hangar_v3.prefab using Guid(9a8a037e5343199458bcacb9d8803837) Importer(815301076,1909f56bfc062723c751e8b465ee728b)  -> (artifact id: '0fcfb5d869b8a5697f6e4323564ee9b3') in 0.026368 seconds 
========================================================================
Received Import Request.
  Time since last request: 0.000032 seconds.
  path: Assets/RPG_FPS_game_assets_industrial/Buildings/Industrial/Hangars/Hangar_v3/Hangar_v3_outbuilding_1.prefab
  artifactKey: Guid(ddd81253dc6e4d2478873aeebdbcb4cf) Importer(815301076,1909f56bfc062723c751e8b465ee728b)
Start importing Assets/RPG_FPS_game_assets_industrial/Buildings/Industrial/Hangars/Hangar_v3/Hangar_v3_outbuilding_1.prefab using Guid(ddd81253dc6e4d2478873aeebdbcb4cf) Importer(815301076,1909f56bfc062723c751e8b465ee728b)  -> (artifact id: '9e9c60758161c98b5c7a19591ada28f5') in 0.023109 seconds 
========================================================================
Received Import Request.
  Time since last request: 0.821752 seconds.
  path: Assets/RPG_FPS_game_assets_industrial/Buildings/Industrial/Hangars/Hangar_v4/Hangar_v4.prefab
  artifactKey: Guid(65feeeb562c61c744aa87b8eb394ffcf) Importer(815301076,1909f56bfc062723c751e8b465ee728b)
Start importing Assets/RPG_FPS_game_assets_industrial/Buildings/Industrial/Hangars/Hangar_v4/Hangar_v4.prefab using Guid(65feeeb562c61c744aa87b8eb394ffcf) Importer(815301076,1909f56bfc062723c751e8b465ee728b)  -> (artifact id: '50dce6fcd8ce4185f37aafee6a9c309a') in 0.017400 seconds 
========================================================================
Received Import Request.
  Time since last request: 1.624793 seconds.
  path: Assets/RPG_FPS_game_assets_industrial/Donation/Donation.mat
  artifactKey: Guid(dcce9eb7f6c7eff4cac197725dbf7880) Importer(815301076,1909f56bfc062723c751e8b465ee728b)
Start importing Assets/RPG_FPS_game_assets_industrial/Donation/Donation.mat using Guid(dcce9eb7f6c7eff4cac197725dbf7880) Importer(815301076,1909f56bfc062723c751e8b465ee728b)  -> (artifact id: '0ce7a0defb0992731e2f7415e05177cf') in 0.071190 seconds 
========================================================================
Received Import Request.
  Time since last request: 1.841213 seconds.
  path: Assets/RPG_FPS_game_assets_industrial/Containers/Cargo_container_v1/Cargo_container_v1_LD1close.prefab
  artifactKey: Guid(84147b87204d0a0478bae9558d656ea2) Importer(815301076,1909f56bfc062723c751e8b465ee728b)
Start importing Assets/RPG_FPS_game_assets_industrial/Containers/Cargo_container_v1/Cargo_container_v1_LD1close.prefab using Guid(84147b87204d0a0478bae9558d656ea2) Importer(815301076,1909f56bfc062723c751e8b465ee728b)  -> (artifact id: '80f52798968d773c9292277a266ad2af') in 0.020123 seconds 
========================================================================
Received Import Request.
  Time since last request: 0.000039 seconds.
  path: Assets/RPG_FPS_game_assets_industrial/Containers/Cargo_container_v1/Cargo_container_v1_LD2through.prefab
  artifactKey: Guid(7efb7a11251ce1342b172668cbdc65c8) Importer(815301076,1909f56bfc062723c751e8b465ee728b)
Start importing Assets/RPG_FPS_game_assets_industrial/Containers/Cargo_container_v1/Cargo_container_v1_LD2through.prefab using Guid(7efb7a11251ce1342b172668cbdc65c8) Importer(815301076,1909f56bfc062723c751e8b465ee728b)  -> (artifact id: '642b30a1cab419557ca34bb541584042') in 0.022991 seconds 
========================================================================
Received Import Request.
  Time since last request: 0.000031 seconds.
  path: Assets/RPG_FPS_game_assets_industrial/Containers/Cargo_container_v1/Cargo_container_v1_LD1open.prefab
  artifactKey: Guid(75e99e987b1c5aa48b7b9e465f768fa3) Importer(815301076,1909f56bfc062723c751e8b465ee728b)
Start importing Assets/RPG_FPS_game_assets_industrial/Containers/Cargo_container_v1/Cargo_container_v1_LD1open.prefab using Guid(75e99e987b1c5aa48b7b9e465f768fa3) Importer(815301076,1909f56bfc062723c751e8b465ee728b)  -> (artifact id: 'e3b14eeb5c0ef0a6a77e63c0564442e7') in 0.022419 seconds 
========================================================================
Received Import Request.
  Time since last request: 0.000049 seconds.
  path: Assets/RPG_FPS_game_assets_industrial/Containers/Cargo_container_v1/Cargo_container_v1_LD2open.prefab
  artifactKey: Guid(c2028b62d7877e04194d5001429cff6b) Importer(815301076,1909f56bfc062723c751e8b465ee728b)
Start importing Assets/RPG_FPS_game_assets_industrial/Containers/Cargo_container_v1/Cargo_container_v1_LD2open.prefab using Guid(c2028b62d7877e04194d5001429cff6b) Importer(815301076,1909f56bfc062723c751e8b465ee728b)  -> (artifact id: '6a0dfe5b6b2bdb76f69c5943e6a34e40') in 0.024063 seconds 
========================================================================
Received Import Request.
  Time since last request: 1.779857 seconds.
  path: Assets/RPG_FPS_game_assets_industrial/Dumpsters/Dumpsters_v1/Dumpsters_v1_empty.prefab
  artifactKey: Guid(94a643c50b8c98e488ed29457fc57cb6) Importer(815301076,1909f56bfc062723c751e8b465ee728b)
Start importing Assets/RPG_FPS_game_assets_industrial/Dumpsters/Dumpsters_v1/Dumpsters_v1_empty.prefab using Guid(94a643c50b8c98e488ed29457fc57cb6) Importer(815301076,1909f56bfc062723c751e8b465ee728b)  -> (artifact id: 'ec60668c023cf5214658e25f3f2a7297') in 0.017661 seconds 
========================================================================
Received Import Request.
  Time since last request: 2.813925 seconds.
  path: Assets/RPG_FPS_game_assets_industrial/Map_v1/LightingData.asset
  artifactKey: Guid(5c22eb700f4544949b90b5440902dd91) Importer(815301076,1909f56bfc062723c751e8b465ee728b)
Start importing Assets/RPG_FPS_game_assets_industrial/Map_v1/LightingData.asset using Guid(5c22eb700f4544949b90b5440902dd91) Importer(815301076,1909f56bfc062723c751e8b465ee728b)  -> (artifact id: 'fbc02dd102bdaa224eea9c0603091ab5') in 0.009284 seconds 
========================================================================
Received Import Request.
  Time since last request: 0.000028 seconds.
  path: Assets/RPG_FPS_game_assets_industrial/Map_v1/ReflectionProbe-0.exr
  artifactKey: Guid(f67125d15885c3c4aafb5fd749cae7c3) Importer(815301076,1909f56bfc062723c751e8b465ee728b)
Start importing Assets/RPG_FPS_game_assets_industrial/Map_v1/ReflectionProbe-0.exr using Guid(f67125d15885c3c4aafb5fd749cae7c3) Importer(815301076,1909f56bfc062723c751e8b465ee728b)  -> (artifact id: 'a93af60bd18aee597c6415ca2721132c') in 0.046021 seconds 
========================================================================
Received Import Request.
  Time since last request: 3.637875 seconds.
  path: Assets/RPG_FPS_game_assets_industrial/Oil_tanks/Oil_tank_v1/Oil_tank_v1.prefab
  artifactKey: Guid(b2be9b4ffc291194c96942bd60bdc25c) Importer(815301076,1909f56bfc062723c751e8b465ee728b)
Start importing Assets/RPG_FPS_game_assets_industrial/Oil_tanks/Oil_tank_v1/Oil_tank_v1.prefab using Guid(b2be9b4ffc291194c96942bd60bdc25c) Importer(815301076,1909f56bfc062723c751e8b465ee728b)  -> (artifact id: 'ed72a4f4c07d6b66ffb4712e0a7275f1') in 0.013662 seconds 
========================================================================
Received Import Request.
  Time since last request: 4.866860 seconds.
  path: Assets/RPG_FPS_game_assets_industrial/Roads/Floor_elevation_sets/UNIFloor_elevation_set_v1
  artifactKey: Guid(1f612d0a7b864004dbede7d4de574ae7) Importer(815301076,1909f56bfc062723c751e8b465ee728b)
Start importing Assets/RPG_FPS_game_assets_industrial/Roads/Floor_elevation_sets/UNIFloor_elevation_set_v1 using Guid(1f612d0a7b864004dbede7d4de574ae7) Importer(815301076,1909f56bfc062723c751e8b465ee728b)  -> (artifact id: '4ba65590374110dc8d7930f0aa474c7f') in 0.008204 seconds 
========================================================================
Received Import Request.
  Time since last request: 0.045197 seconds.
  path: Assets/RPG_FPS_game_assets_industrial/Roads/Floor_elevation_sets/UNIFloor_elevation_set_v1/UNIConcrete_wall_v1_S_L_1.prefab
  artifactKey: Guid(f1713c869f87944428ac3dfac534a165) Importer(815301076,1909f56bfc062723c751e8b465ee728b)
Start importing Assets/RPG_FPS_game_assets_industrial/Roads/Floor_elevation_sets/UNIFloor_elevation_set_v1/UNIConcrete_wall_v1_S_L_1.prefab using Guid(f1713c869f87944428ac3dfac534a165) Importer(815301076,1909f56bfc062723c751e8b465ee728b)  -> (artifact id: '47b99f1c1759bd1ee0f2c19bf7d665d9') in 0.016509 seconds 
========================================================================
Received Import Request.
  Time since last request: 0.000024 seconds.
  path: Assets/RPG_FPS_game_assets_industrial/Roads/Floor_elevation_sets/UNIFloor_elevation_set_v1/UNIConcrete_wall_v1_W_end_4.prefab
  artifactKey: Guid(79fcf40c17def694d9e8d130f75750a2) Importer(815301076,1909f56bfc062723c751e8b465ee728b)
Start importing Assets/RPG_FPS_game_assets_industrial/Roads/Floor_elevation_sets/UNIFloor_elevation_set_v1/UNIConcrete_wall_v1_W_end_4.prefab using Guid(79fcf40c17def694d9e8d130f75750a2) Importer(815301076,1909f56bfc062723c751e8b465ee728b)  -> (artifact id: 'e1395f615c8fbae1b00b1259346f321f') in 0.016198 seconds 
========================================================================
Received Import Request.
  Time since last request: 0.000027 seconds.
  path: Assets/RPG_FPS_game_assets_industrial/Roads/Floor_elevation_sets/UNIFloor_elevation_set_v1/UNIConcrete_wall_v1_S_left.prefab
  artifactKey: Guid(38c764ae84d05c74aa08d07948986de3) Importer(815301076,1909f56bfc062723c751e8b465ee728b)
Start importing Assets/RPG_FPS_game_assets_industrial/Roads/Floor_elevation_sets/UNIFloor_elevation_set_v1/UNIConcrete_wall_v1_S_left.prefab using Guid(38c764ae84d05c74aa08d07948986de3) Importer(815301076,1909f56bfc062723c751e8b465ee728b)  -> (artifact id: 'fbe297803b9cefeadb8e8be42c4af68f') in 0.017718 seconds 
========================================================================
Received Import Request.
  Time since last request: 0.000029 seconds.
  path: Assets/RPG_FPS_game_assets_industrial/Roads/Floor_elevation_sets/UNIFloor_elevation_set_v1/UNIConcrete_wall_v1_W_end_3.prefab
  artifactKey: Guid(51ef0a690170e4447993cb966ef83781) Importer(815301076,1909f56bfc062723c751e8b465ee728b)
Start importing Assets/RPG_FPS_game_assets_industrial/Roads/Floor_elevation_sets/UNIFloor_elevation_set_v1/UNIConcrete_wall_v1_W_end_3.prefab using Guid(51ef0a690170e4447993cb966ef83781) Importer(815301076,1909f56bfc062723c751e8b465ee728b)  -> (artifact id: '4a7d8ab0af02ad079bd6257570dc07f5') in 0.012944 seconds 
========================================================================
Received Import Request.
  Time since last request: 0.000029 seconds.
  path: Assets/RPG_FPS_game_assets_industrial/Roads/Floor_elevation_sets/UNIFloor_elevation_set_v1/UNIConcrete_wall_v1_W_2.prefab
  artifactKey: Guid(b31e382504d035d458b4818d7195a336) Importer(815301076,1909f56bfc062723c751e8b465ee728b)
Start importing Assets/RPG_FPS_game_assets_industrial/Roads/Floor_elevation_sets/UNIFloor_elevation_set_v1/UNIConcrete_wall_v1_W_2.prefab using Guid(b31e382504d035d458b4818d7195a336) Importer(815301076,1909f56bfc062723c751e8b465ee728b)  -> (artifact id: 'f669fbd52ef1c93d2e13a4af80e697ab') in 0.013796 seconds 
========================================================================
Received Import Request.
  Time since last request: 0.000033 seconds.
  path: Assets/RPG_FPS_game_assets_industrial/Roads/Floor_elevation_sets/UNIFloor_elevation_set_v1/UNIConcrete_wall_v1_S_single.prefab
  artifactKey: Guid(88ff00979f9abfc40b8bd0cfc885d175) Importer(815301076,1909f56bfc062723c751e8b465ee728b)
Start importing Assets/RPG_FPS_game_assets_industrial/Roads/Floor_elevation_sets/UNIFloor_elevation_set_v1/UNIConcrete_wall_v1_S_single.prefab using Guid(88ff00979f9abfc40b8bd0cfc885d175) Importer(815301076,1909f56bfc062723c751e8b465ee728b)  -> (artifact id: 'c0fb04c7d238dc228e8fdf5fbb43f1d5') in 0.015712 seconds 
========================================================================
Received Import Request.
  Time since last request: 0.000055 seconds.
  path: Assets/RPG_FPS_game_assets_industrial/Roads/Floor_elevation_sets/UNIFloor_elevation_set_v1/UNIConcrete_wall_v1_W_1.prefab
  artifactKey: Guid(aa8e284847475604385ec530acc0bc28) Importer(815301076,1909f56bfc062723c751e8b465ee728b)
Start importing Assets/RPG_FPS_game_assets_industrial/Roads/Floor_elevation_sets/UNIFloor_elevation_set_v1/UNIConcrete_wall_v1_W_1.prefab using Guid(aa8e284847475604385ec530acc0bc28) Importer(815301076,1909f56bfc062723c751e8b465ee728b)  -> (artifact id: 'f55a08ca33d97579edfdeae57d3bce66') in 0.020412 seconds 
========================================================================
Received Import Request.
  Time since last request: 0.000029 seconds.
  path: Assets/RPG_FPS_game_assets_industrial/Roads/Floor_elevation_sets/UNIFloor_elevation_set_v1/UNIConcrete_wall_v1_S_R_2.prefab
  artifactKey: Guid(7b4f0314f4e30c94185e84a096c302bc) Importer(815301076,1909f56bfc062723c751e8b465ee728b)
Start importing Assets/RPG_FPS_game_assets_industrial/Roads/Floor_elevation_sets/UNIFloor_elevation_set_v1/UNIConcrete_wall_v1_S_R_2.prefab using Guid(7b4f0314f4e30c94185e84a096c302bc) Importer(815301076,1909f56bfc062723c751e8b465ee728b)  -> (artifact id: '4be728a3445d16370760db44cc4f0b0c') in 0.025706 seconds 
========================================================================
Received Import Request.
  Time since last request: 0.000039 seconds.
  path: Assets/RPG_FPS_game_assets_industrial/Roads/Floor_elevation_sets/UNIFloor_elevation_set_v1/UNIConcrete_wall_v1_S_right.prefab
  artifactKey: Guid(507134deeacac104cade4f939779e63f) Importer(815301076,1909f56bfc062723c751e8b465ee728b)
Start importing Assets/RPG_FPS_game_assets_industrial/Roads/Floor_elevation_sets/UNIFloor_elevation_set_v1/UNIConcrete_wall_v1_S_right.prefab using Guid(507134deeacac104cade4f939779e63f) Importer(815301076,1909f56bfc062723c751e8b465ee728b)  -> (artifact id: '3d41986cb22a9a1fcb47a76f79e5c0e4') in 0.017274 seconds 
========================================================================
Received Import Request.
  Time since last request: 2.764628 seconds.
  path: Assets/RPG_FPS_game_assets_industrial/Roads/Road_sets/Road_set_v1
  artifactKey: Guid(4e9dd78878ac0954db1d00c769955332) Importer(815301076,1909f56bfc062723c751e8b465ee728b)
Start importing Assets/RPG_FPS_game_assets_industrial/Roads/Road_sets/Road_set_v1 using Guid(4e9dd78878ac0954db1d00c769955332) Importer(815301076,1909f56bfc062723c751e8b465ee728b)  -> (artifact id: '84f78d438fd9d9c3155ed9295c03b7b2') in 0.007469 seconds 
========================================================================
Received Import Request.
  Time since last request: 0.056488 seconds.
  path: Assets/RPG_FPS_game_assets_industrial/Roads/Road_sets/Road_set_v1/Road_set_v1_b_bend_1.prefab
  artifactKey: Guid(01fd6d8578da5054c80273c1d59d2cf9) Importer(815301076,1909f56bfc062723c751e8b465ee728b)
Start importing Assets/RPG_FPS_game_assets_industrial/Roads/Road_sets/Road_set_v1/Road_set_v1_b_bend_1.prefab using Guid(01fd6d8578da5054c80273c1d59d2cf9) Importer(815301076,1909f56bfc062723c751e8b465ee728b)  -> (artifact id: '2ba7304ee8f422b1b0fdc3ae44088a08') in 0.020456 seconds 
========================================================================
Received Import Request.
  Time since last request: 0.000057 seconds.
  path: Assets/RPG_FPS_game_assets_industrial/Roads/Road_sets/Road_set_v1/Road_set_v1_road_up_3m_LD.prefab
  artifactKey: Guid(bc667769ec7fefe4bae11858e436c69b) Importer(815301076,1909f56bfc062723c751e8b465ee728b)
Start importing Assets/RPG_FPS_game_assets_industrial/Roads/Road_sets/Road_set_v1/Road_set_v1_road_up_3m_LD.prefab using Guid(bc667769ec7fefe4bae11858e436c69b) Importer(815301076,1909f56bfc062723c751e8b465ee728b)  -> (artifact id: '0cd32e42759bd6eb0f394110c3dde2e0') in 0.021522 seconds 
========================================================================
Received Import Request.
  Time since last request: 0.000021 seconds.
  path: Assets/RPG_FPS_game_assets_industrial/Roads/Road_sets/Road_set_v1/Road_set_v1_b_floor.prefab
  artifactKey: Guid(d803e729730d97a4e89edf13b602b3f4) Importer(815301076,1909f56bfc062723c751e8b465ee728b)
Start importing Assets/RPG_FPS_game_assets_industrial/Roads/Road_sets/Road_set_v1/Road_set_v1_b_floor.prefab using Guid(d803e729730d97a4e89edf13b602b3f4) Importer(815301076,1909f56bfc062723c751e8b465ee728b)  -> (artifact id: '9420d4119ac6061b1a333295cf3302e5') in 0.018339 seconds 
========================================================================
Received Import Request.
  Time since last request: 0.000024 seconds.
  path: Assets/RPG_FPS_game_assets_industrial/Roads/Road_sets/Road_set_v1/Road_set_v1_road_up_2m_HD.prefab
  artifactKey: Guid(dcbe0840d66f9134bb43e5ec41d86349) Importer(815301076,1909f56bfc062723c751e8b465ee728b)
Start importing Assets/RPG_FPS_game_assets_industrial/Roads/Road_sets/Road_set_v1/Road_set_v1_road_up_2m_HD.prefab using Guid(dcbe0840d66f9134bb43e5ec41d86349) Importer(815301076,1909f56bfc062723c751e8b465ee728b)  -> (artifact id: '5e6ace20440d3de99bf14c3ccb03292a') in 0.018503 seconds 
========================================================================
Received Import Request.
  Time since last request: 0.000022 seconds.
  path: Assets/RPG_FPS_game_assets_industrial/Roads/Road_sets/Road_set_v1/Road_set_v1_s_tile_2.prefab
  artifactKey: Guid(a4ea7ad660a6e4241aff4002d350fe80) Importer(815301076,1909f56bfc062723c751e8b465ee728b)
Start importing Assets/RPG_FPS_game_assets_industrial/Roads/Road_sets/Road_set_v1/Road_set_v1_s_tile_2.prefab using Guid(a4ea7ad660a6e4241aff4002d350fe80) Importer(815301076,1909f56bfc062723c751e8b465ee728b)  -> (artifact id: 'e8981961a1e5d378c1847127b21669bc') in 0.022548 seconds 
========================================================================
Received Import Request.
  Time since last request: 0.000033 seconds.
  path: Assets/RPG_FPS_game_assets_industrial/Roads/Road_sets/Road_set_v1/Road_set_v1_s_bend_2.prefab
  artifactKey: Guid(da5894b154be11342a3fcfc401f7b4aa) Importer(815301076,1909f56bfc062723c751e8b465ee728b)
Start importing Assets/RPG_FPS_game_assets_industrial/Roads/Road_sets/Road_set_v1/Road_set_v1_s_bend_2.prefab using Guid(da5894b154be11342a3fcfc401f7b4aa) Importer(815301076,1909f56bfc062723c751e8b465ee728b)  -> (artifact id: '45bb43c7af6de39ddfda35316f95d541') in 0.024970 seconds 
========================================================================
Received Import Request.
  Time since last request: 0.000036 seconds.
  path: Assets/RPG_FPS_game_assets_industrial/Roads/Road_sets/Road_set_v1/Road_set_v1_s_floor.prefab
  artifactKey: Guid(8ec728fea85097b43ad9358333759bfa) Importer(815301076,1909f56bfc062723c751e8b465ee728b)
Start importing Assets/RPG_FPS_game_assets_industrial/Roads/Road_sets/Road_set_v1/Road_set_v1_s_floor.prefab using Guid(8ec728fea85097b43ad9358333759bfa) Importer(815301076,1909f56bfc062723c751e8b465ee728b)  -> (artifact id: 'fef77f0d8f21eea5c335565fe1816e29') in 0.018143 seconds 
========================================================================
Received Import Request.
  Time since last request: 0.000036 seconds.
  path: Assets/RPG_FPS_game_assets_industrial/Roads/Road_sets/Road_set_v1/Road_set_v1_s_road_up_1m_HD.prefab
  artifactKey: Guid(33ca2b6a11569324c9e1457108f6fe1f) Importer(815301076,1909f56bfc062723c751e8b465ee728b)
Start importing Assets/RPG_FPS_game_assets_industrial/Roads/Road_sets/Road_set_v1/Road_set_v1_s_road_up_1m_HD.prefab using Guid(33ca2b6a11569324c9e1457108f6fe1f) Importer(815301076,1909f56bfc062723c751e8b465ee728b)  -> (artifact id: '80ac3e819f9b48454c9b872c7610b0e3') in 0.021153 seconds 
========================================================================
Received Import Request.
  Time since last request: 0.000033 seconds.
  path: Assets/RPG_FPS_game_assets_industrial/Roads/Road_sets/Road_set_v1/Road_set_v1_road_up_3m_HD.prefab
  artifactKey: Guid(41f73efb13c007844b365ef2a30de3ca) Importer(815301076,1909f56bfc062723c751e8b465ee728b)
Start importing Assets/RPG_FPS_game_assets_industrial/Roads/Road_sets/Road_set_v1/Road_set_v1_road_up_3m_HD.prefab using Guid(41f73efb13c007844b365ef2a30de3ca) Importer(815301076,1909f56bfc062723c751e8b465ee728b)  -> (artifact id: 'a7388270abfd80f9301d903e6420f80a') in 0.027444 seconds 
========================================================================
Received Import Request.
  Time since last request: 0.000039 seconds.
  path: Assets/RPG_FPS_game_assets_industrial/Roads/Road_sets/Road_set_v1/Road_set_v1_s_road_up_2m_LD.prefab
  artifactKey: Guid(0ce9133d3dc5fd5478d9e0145a0ea7b6) Importer(815301076,1909f56bfc062723c751e8b465ee728b)
Start importing Assets/RPG_FPS_game_assets_industrial/Roads/Road_sets/Road_set_v1/Road_set_v1_s_road_up_2m_LD.prefab using Guid(0ce9133d3dc5fd5478d9e0145a0ea7b6) Importer(815301076,1909f56bfc062723c751e8b465ee728b)  -> (artifact id: '255ee3a40e34203b3115d3a1eb106dac') in 0.021819 seconds 
========================================================================
Received Import Request.
  Time since last request: 6.392468 seconds.
  path: Assets/RPG_FPS_game_assets_industrial/Textures/Asphalt/Seamless_asphalt_v1
  artifactKey: Guid(5900007915fbcc44798553ec9d6b09bb) Importer(815301076,1909f56bfc062723c751e8b465ee728b)
Start importing Assets/RPG_FPS_game_assets_industrial/Textures/Asphalt/Seamless_asphalt_v1 using Guid(5900007915fbcc44798553ec9d6b09bb) Importer(815301076,1909f56bfc062723c751e8b465ee728b)  -> (artifact id: '7dc619a733b1ffa8204aba1cd7a0f846') in 0.007301 seconds 
========================================================================
Received Import Request.
  Time since last request: 0.276326 seconds.
  path: Assets/RPG_FPS_game_assets_industrial/Textures/Asphalt/Road_with_pavements_v1
  artifactKey: Guid(70c8dfaff21f97946800e1c31bcc90ca) Importer(815301076,1909f56bfc062723c751e8b465ee728b)
Start importing Assets/RPG_FPS_game_assets_industrial/Textures/Asphalt/Road_with_pavements_v1 using Guid(70c8dfaff21f97946800e1c31bcc90ca) Importer(815301076,1909f56bfc062723c751e8b465ee728b)  -> (artifact id: 'b5bf4369f5d13292a4fdcdad830498a4') in 0.007098 seconds 
========================================================================
Received Import Request.
  Time since last request: 0.043293 seconds.
  path: Assets/RPG_FPS_game_assets_industrial/Textures/Asphalt/Road_with_pavements_v1/Road_with_pavements_v1.mat
  artifactKey: Guid(8d5d2d46a0146fa4c86ae0c056e3282d) Importer(815301076,1909f56bfc062723c751e8b465ee728b)
Start importing Assets/RPG_FPS_game_assets_industrial/Textures/Asphalt/Road_with_pavements_v1/Road_with_pavements_v1.mat using Guid(8d5d2d46a0146fa4c86ae0c056e3282d) Importer(815301076,1909f56bfc062723c751e8b465ee728b)  -> (artifact id: '83326262cc47709469ea748f9815b80e') in 0.013012 seconds 
========================================================================
Received Import Request.
  Time since last request: 6.167525 seconds.
  path: Assets/RPG_FPS_game_assets_industrial/Textures/Asphalt/Seamless_asphalt_v1/Seamless_asphalt_v1.mat
  artifactKey: Guid(999517f045d65924db469ec2a4a5c833) Importer(815301076,1909f56bfc062723c751e8b465ee728b)
Start importing Assets/RPG_FPS_game_assets_industrial/Textures/Asphalt/Seamless_asphalt_v1/Seamless_asphalt_v1.mat using Guid(999517f045d65924db469ec2a4a5c833) Importer(815301076,1909f56bfc062723c751e8b465ee728b)  -> (artifact id: '3d5c5a6348ebd41045b3de631a57a820') in 0.016269 seconds 
========================================================================
Received Import Request.
  Time since last request: 11.729597 seconds.
  path: Assets/RPG_FPS_game_assets_industrial/Textures/Concrete_wall/UNIConcrete_walls/UNIConcrete_wall_v1
  artifactKey: Guid(0050cc409568a054a8e2f43c63ab5bfb) Importer(815301076,1909f56bfc062723c751e8b465ee728b)
Start importing Assets/RPG_FPS_game_assets_industrial/Textures/Concrete_wall/UNIConcrete_walls/UNIConcrete_wall_v1 using Guid(0050cc409568a054a8e2f43c63ab5bfb) Importer(815301076,1909f56bfc062723c751e8b465ee728b)  -> (artifact id: '1b9156d683287e7d69e3f8e5a1980351') in 0.007347 seconds 
========================================================================
Received Import Request.
  Time since last request: 0.063603 seconds.
  path: Assets/RPG_FPS_game_assets_industrial/Textures/Concrete_wall/UNIConcrete_walls/UNIConcrete_wall_v1/UNIConcrete_wall_v1.mat
  artifactKey: Guid(4b2c2bed67203ed45aa381875cc556bb) Importer(815301076,1909f56bfc062723c751e8b465ee728b)
Start importing Assets/RPG_FPS_game_assets_industrial/Textures/Concrete_wall/UNIConcrete_walls/UNIConcrete_wall_v1/UNIConcrete_wall_v1.mat using Guid(4b2c2bed67203ed45aa381875cc556bb) Importer(815301076,1909f56bfc062723c751e8b465ee728b)  -> (artifact id: '1be88a336af2e2f9ccd4891ba6dc577a') in 0.013433 seconds 
========================================================================
Received Import Request.
  Time since last request: 5.552402 seconds.
  path: Assets/RPG_FPS_game_assets_industrial/Textures/Asphalt
  artifactKey: Guid(987a80acaed3e534895f9aec867853e7) Importer(815301076,1909f56bfc062723c751e8b465ee728b)
Start importing Assets/RPG_FPS_game_assets_industrial/Textures/Asphalt using Guid(987a80acaed3e534895f9aec867853e7) Importer(815301076,1909f56bfc062723c751e8b465ee728b)  -> (artifact id: 'bea2403537a62a3189e0d9c30b58e91e') in 0.007402 seconds 
========================================================================
Received Import Request.
  Time since last request: 9.978333 seconds.
  path: Assets/Scenes/Game/NavMesh-Cube.asset
  artifactKey: Guid(ae2c9f3682f2b8047ada9010d08ca4cf) Importer(815301076,1909f56bfc062723c751e8b465ee728b)
Start importing Assets/Scenes/Game/NavMesh-Cube.asset using Guid(ae2c9f3682f2b8047ada9010d08ca4cf) Importer(815301076,1909f56bfc062723c751e8b465ee728b)  -> (artifact id: '20a92f0dca66fb53c72c2c63aa9e1bf4') in 0.007452 seconds 
========================================================================
Received Import Request.
  Time since last request: 4.455973 seconds.
  path: Assets/RPG_FPS_game_assets_industrial/Roads/Road_sets
  artifactKey: Guid(eb6a258dc9bd40149ad4a7fb6463654f) Importer(815301076,1909f56bfc062723c751e8b465ee728b)
Start importing Assets/RPG_FPS_game_assets_industrial/Roads/Road_sets using Guid(eb6a258dc9bd40149ad4a7fb6463654f) Importer(815301076,1909f56bfc062723c751e8b465ee728b)  -> (artifact id: '2312aadb900f0c7a97158391bec0ef12') in 0.007488 seconds 
========================================================================
Received Prepare
Registering precompiled user dll's ...
Registered in 0.005127 seconds.
Begin MonoManager ReloadAssembly
Symbol file LoadedFromMemory doesn't match image C:\Users\dlehr\Desktop\group\Library\PackageCache\com.unity.visualscripting@1.7.6\Editor\VisualScripting.Core\Dependencies\YamlDotNet\Unity.VisualScripting.YamlDotNet.dll
Symbol file LoadedFromMemory doesn't match image C:\Users\dlehr\Desktop\group\Library\PackageCache\com.unity.visualscripting@1.7.6\Editor\VisualScripting.Core\Dependencies\DotNetZip\Unity.VisualScripting.IonicZip.dll
Native extension for WindowsStandalone target not found
Refreshing native plugins compatible for Editor in 0.59 ms, found 3 plugins.
Preloading 0 native plugins for Editor in 0.00 ms.
Mono: successfully reloaded assembly
- Completed reload, in  1.186 seconds
Domain Reload Profiling:
	ReloadAssembly (1186ms)
		BeginReloadAssembly (152ms)
			ExecutionOrderSort (0ms)
			DisableScriptedObjects (7ms)
			BackupInstance (0ms)
			ReleaseScriptingObjects (0ms)
			CreateAndSetChildDomain (47ms)
		EndReloadAssembly (913ms)
			LoadAssemblies (91ms)
			RebuildTransferFunctionScriptingTraits (0ms)
			SetupTypeCache (292ms)
			ReleaseScriptCaches (2ms)
			RebuildScriptCaches (52ms)
			SetupLoadedEditorAssemblies (435ms)
				LogAssemblyErrors (0ms)
				InitializePlatformSupportModulesInManaged (15ms)
				SetLoadedEditorAssemblies (0ms)
				RefreshPlugins (1ms)
				BeforeProcessingInitializeOnLoad (98ms)
				ProcessInitializeOnLoadAttributes (282ms)
				ProcessInitializeOnLoadMethodAttributes (30ms)
				AfterProcessingInitializeOnLoad (8ms)
				EditorAssembliesLoaded (0ms)
			ExecutionOrderSort2 (0ms)
			AwakeInstancesAfterBackupRestoration (6ms)
Platform modules already initialized, skipping
Refreshing native plugins compatible for Editor in 2.53 ms, found 3 plugins.
Preloading 0 native plugins for Editor in 0.00 ms.
Unloading 3383 Unused Serialized files (Serialized files now loaded: 0)
Unloading 19 unused Assets / (79.7 KB). Loaded Objects now: 3927.
Memory consumption went from 146.5 MB to 146.4 MB.
Total: 3.574400 ms (FindLiveObjects: 0.276400 ms CreateObjectMapping: 0.150200 ms MarkObjects: 3.031900 ms  DeleteObjects: 0.114000 ms)

AssetImportParameters requested are different than current active one (requested -> active):
  custom:video-decoder-ogg-theora: a1e56fd34408186e4bbccfd4996cb3dc -> 
  custom:container-muxer-webm: aa71ff27fc2769a1b78a27578f13a17b -> 
  custom:container-demuxer-webm: 4f35f7cbe854078d1ac9338744f61a02 -> 
  custom:video-encoder-webm-vp8: eb34c28f22e8b96e1ab97ce403110664 -> 
  custom:audio-encoder-webm-vorbis: bf7c407c2cedff20999df2af8eb42d56 -> 
  custom:framework-win-MediaFoundation: 216162199b28c13a410421893ffa2e32 -> 
  custom:container-demuxer-ogg: 62fdf1f143b41e24485cea50d1cbac27 -> 
  custom:video-decoder-webm-vp8: 9c59270c3fd7afecdb556c50c9e8de78 -> 
  custom:audio-decoder-ogg-vorbis: bf7c407c2cedff20999df2af8eb42d56 -> 
